Traceback (most recent call last):
  File "d:\programdata\anaconda3\lib\site-packages\jupyter_cache\executors\utils.py", line 56, in single_nb_execution
    record_timing=False,
  File "d:\programdata\anaconda3\lib\site-packages\nbclient\client.py", line 1082, in execute
    return NotebookClient(nb=nb, resources=resources, km=km, **kwargs).execute()
  File "d:\programdata\anaconda3\lib\site-packages\nbclient\util.py", line 74, in wrapped
    return just_run(coro(*args, **kwargs))
  File "d:\programdata\anaconda3\lib\site-packages\nbclient\util.py", line 53, in just_run
    return loop.run_until_complete(coro)
  File "d:\programdata\anaconda3\lib\asyncio\base_events.py", line 579, in run_until_complete
    return future.result()
  File "d:\programdata\anaconda3\lib\site-packages\nbclient\client.py", line 536, in async_execute
    cell, index, execution_count=self.code_cells_executed + 1
  File "d:\programdata\anaconda3\lib\site-packages\nbclient\client.py", line 827, in async_execute_cell
    self._check_raise_for_error(cell, exec_reply)
  File "d:\programdata\anaconda3\lib\site-packages\nbclient\client.py", line 735, in _check_raise_for_error
    raise CellExecutionError.from_cell_and_msg(cell, exec_reply['content'])
nbclient.exceptions.CellExecutionError: An error occurred while executing the following cell:
------------------
# æœ€å°è§„æ¨¡ä¸”æœ‰æ•ˆçš„ if è¯­å¥æ˜¯è¿™æ ·çš„ï¼Œæ³¨æ„å†’å·å’Œç¼©è¿›ï¼Œä¸ç”¨æ‹¬å·ï¼š
if True:
    print('Yes, it is true')

# ä¸€ä¸ªå…¸å‹ç»“æ„çš„æ¡ä»¶è¯­å¥
number = 23
guess = int(input('Enter an integer : '))

if guess == number:
    # æ–°å—ä»è¿™é‡Œå¼€å§‹
    print('Congratulations, you guessed it.')
    print('(but you do not win any prizes!)')
    # æ–°å—åœ¨è¿™é‡Œç»“æŸ
elif guess < number:
    # å¦ä¸€ä»£ç å—
    print('No, it is a little higher than that')
    # ä½ å¯ä»¥åœ¨æ­¤åšä»»ä½•ä½ å¸Œæœ›åœ¨è¯¥ä»£ç å—å†…è¿›è¡Œçš„äº‹æƒ…
else:
    print('No, it is a little lower than that')
    # ä½ å¿…é¡»é€šè¿‡çŒœæµ‹ä¸€ä¸ªå¤§äºï¼ˆ >ï¼‰ è®¾ç½®æ•°çš„æ•°å­—æ¥åˆ°è¾¾è¿™é‡Œã€‚

print('Done')
# è¿™æœ€åä¸€å¥è¯­å¥å°†åœ¨
# if è¯­å¥æ‰§è¡Œå®Œæ¯•åæ‰§è¡Œã€‚

------------------

[1;31m---------------------------------------------------------------------------[0m
[1;31mStdinNotImplementedError[0m                  Traceback (most recent call last)
[1;32m<ipython-input-27-9493bf827e55>[0m in [0;36m<module>[1;34m[0m
[0;32m      5[0m [1;31m# ä¸€ä¸ªå…¸å‹ç»“æ„çš„æ¡ä»¶è¯­å¥[0m[1;33m[0m[1;33m[0m[1;33m[0m[0m
[0;32m      6[0m [0mnumber[0m [1;33m=[0m [1;36m23[0m[1;33m[0m[1;33m[0m[0m
[1;32m----> 7[1;33m [0mguess[0m [1;33m=[0m [0mint[0m[1;33m([0m[0minput[0m[1;33m([0m[1;34m'Enter an integer : '[0m[1;33m)[0m[1;33m)[0m[1;33m[0m[1;33m[0m[0m
[0m[0;32m      8[0m [1;33m[0m[0m
[0;32m      9[0m [1;32mif[0m [0mguess[0m [1;33m==[0m [0mnumber[0m[1;33m:[0m[1;33m[0m[1;33m[0m[0m

[1;32mD:\ProgramData\Anaconda3\lib\site-packages\ipykernel\kernelbase.py[0m in [0;36mraw_input[1;34m(self, prompt)[0m
[0;32m    853[0m         [1;32mif[0m [1;32mnot[0m [0mself[0m[1;33m.[0m[0m_allow_stdin[0m[1;33m:[0m[1;33m[0m[1;33m[0m[0m
[0;32m    854[0m             raise StdinNotImplementedError(
[1;32m--> 855[1;33m                 [1;34m"raw_input was called, but this frontend does not support input requests."[0m[1;33m[0m[1;33m[0m[0m
[0m[0;32m    856[0m             )
[0;32m    857[0m         return self._input_request(str(prompt),

[1;31mStdinNotImplementedError[0m: raw_input was called, but this frontend does not support input requests.
StdinNotImplementedError: raw_input was called, but this frontend does not support input requests.

